2017-03-20 23:35:18,857 [ModalContext] INFO  o.e.m.c.i.e.AbstractTransferListenerAdapter - Downloading http://repo.maven.apache.org/maven2/org/apache/maven/archetypes/maven-archetype-quickstart/maven-metadata.xml
2017-03-20 23:35:19,671 [ModalContext] INFO  o.e.m.c.i.e.AbstractTransferListenerAdapter - Downloaded http://repo.maven.apache.org/maven2/org/apache/maven/archetypes/maven-archetype-quickstart/maven-metadata.xml
2017-03-20 23:35:24,298 [ModalContext] INFO  o.e.m.c.i.e.AbstractTransferListenerAdapter - Downloading http://repo.maven.apache.org/maven2/org/apache/maven/archetypes/maven-archetype-quickstart/1.1/maven-archetype-quickstart-1.1.jar
2017-03-20 23:35:25,370 [ModalContext] INFO  o.e.m.c.i.e.AbstractTransferListenerAdapter - Downloaded http://repo.maven.apache.org/maven2/org/apache/maven/archetypes/maven-archetype-quickstart/1.1/maven-archetype-quickstart-1.1.jar
2017-03-20 23:36:43,814 [Worker-6] INFO  o.e.m.c.i.e.AbstractTransferListenerAdapter - Downloading http://repo.maven.apache.org/maven2/org/apache/maven/archetypes/maven-archetype-quickstart/1.1/maven-archetype-quickstart-1.1.pom
2017-03-20 23:36:44,440 [Worker-6] INFO  o.e.m.c.i.e.AbstractTransferListenerAdapter - Downloaded http://repo.maven.apache.org/maven2/org/apache/maven/archetypes/maven-archetype-quickstart/1.1/maven-archetype-quickstart-1.1.pom
2017-03-20 23:36:44,496 [pool-2-thread-1] INFO  o.e.m.c.i.e.AbstractTransferListenerAdapter - Downloaded file:///C:/Users/ThinkPad/.m2/repository/org/apache/maven/archetypes/maven-archetype-quickstart/1.1/maven-archetype-quickstart-1.1.jar
2017-03-20 23:36:44,578 [Worker-6] INFO  o.e.m.c.i.p.ProjectConfigurationManager - Collecting project info '/pom.xml' D:\Workspaces\GithubSpacesJiadongpo\ExerciseSuite\NettyStudy\pom.xml
2017-03-20 23:36:47,934 [Worker-6] INFO  o.e.m.c.i.l.LifecycleMappingFactory - Using org.eclipse.m2e.jdt.JarLifecycleMapping lifecycle mapping for MavenProject: com.cenrise.exercisesuite:NettyStudy:0.0.1-SNAPSHOT @ D:\Workspaces\GithubSpacesJiadongpo\ExerciseSuite\NettyStudy\pom.xml.
2017-03-20 23:36:50,899 [Worker-3] INFO  o.e.m.c.i.l.LifecycleMappingFactory - Using org.eclipse.m2e.jdt.JarLifecycleMapping lifecycle mapping for MavenProject: com.cenrise.exercisesuite:NettyStudy:0.0.1-SNAPSHOT @ D:\Workspaces\GithubSpacesJiadongpo\ExerciseSuite\NettyStudy\pom.xml.
2017-03-20 23:38:00,720 [Worker-9] INFO  o.e.m.c.i.l.LifecycleMappingFactory - Using null lifecycle mapping for MavenProject: com.cenrise.exercisesuite:NettyStudy:0.0.1-SNAPSHOT @ D:\Workspaces\GithubSpacesJiadongpo\ExerciseSuite\NettyStudy\pom.xml.
2017-03-20 23:38:02,527 [Worker-9] WARN  o.e.m.c.i.embedder.EclipseLogger - The POM for junit:junit:jar:3.8.1 is invalid, transitive dependencies (if any) will not be available, enable debug logging for more details
2017-03-20 23:38:49,897 [Worker-5] INFO  o.e.m.c.i.p.ProjectConfigurationManager - Collecting project info '/pom.xml' D:\Workspaces\GithubSpacesJiadongpo\ExerciseSuite\NettyStudy\pom.xml
2017-03-20 23:38:49,944 [Worker-5] INFO  o.e.m.c.i.l.LifecycleMappingFactory - Using null lifecycle mapping for MavenProject: com.cenrise.exercisesuite:NettyStudy:0.0.1-SNAPSHOT @ D:\Workspaces\GithubSpacesJiadongpo\ExerciseSuite\NettyStudy\pom.xml.
2017-03-20 23:38:49,958 [Worker-5] WARN  o.e.m.c.i.embedder.EclipseLogger - The POM for junit:junit:jar:3.8.1 is invalid, transitive dependencies (if any) will not be available, enable debug logging for more details
2017-03-20 23:38:50,061 [Worker-5] INFO  o.e.m.c.i.p.ProjectConfigurationManager - Imported and configured 1 project(s) in 0 sec
2017-03-20 23:38:50,306 [Worker-10] WARN  o.e.m.c.i.embedder.EclipseLogger - The POM for junit:junit:jar:3.8.1 is invalid, transitive dependencies (if any) will not be available, enable debug logging for more details
2017-03-20 23:38:51,175 [Worker-9] INFO  o.e.m.c.i.l.LifecycleMappingFactory - Using null lifecycle mapping for MavenProject: com.cenrise.exercisesuite:NettyStudy:0.0.1-SNAPSHOT @ D:\Workspaces\GithubSpacesJiadongpo\ExerciseSuite\NettyStudy\pom.xml.
2017-03-20 23:38:51,193 [Worker-9] WARN  o.e.m.c.i.embedder.EclipseLogger - The POM for junit:junit:jar:3.8.1 is invalid, transitive dependencies (if any) will not be available, enable debug logging for more details
2017-03-20 23:39:08,917 [Worker-6] WARN  o.e.m.c.i.embedder.EclipseLogger - The POM for junit:junit:jar:3.8.1 is invalid, transitive dependencies (if any) will not be available, enable debug logging for more details
2017-03-20 23:39:29,797 [Worker-10] INFO  o.e.m.c.i.l.LifecycleMappingFactory - Using null lifecycle mapping for MavenProject: com.cenrise.exercisesuite:NettyStudy:0.0.1-SNAPSHOT @ D:\Workspaces\GithubSpacesJiadongpo\ExerciseSuite\NettyStudy\pom.xml.
2017-03-20 23:39:29,804 [Worker-10] WARN  o.e.m.c.i.embedder.EclipseLogger - The POM for junit:junit:jar:3.8.1 is invalid, transitive dependencies (if any) will not be available, enable debug logging for more details
2017-03-20 23:39:30,341 [Worker-10] INFO  o.e.m.c.i.e.AbstractTransferListenerAdapter - Downloading http://repo.maven.apache.org/maven2/io/netty/netty-all/4.1.9.Final/netty-all-4.1.9.Final.pom
2017-03-20 23:39:31,809 [Worker-10] INFO  o.e.m.c.i.e.AbstractTransferListenerAdapter - Downloaded http://repo.maven.apache.org/maven2/io/netty/netty-all/4.1.9.Final/netty-all-4.1.9.Final.pom
2017-03-20 23:39:32,397 [Worker-10] INFO  o.e.m.c.i.e.AbstractTransferListenerAdapter - Downloading http://repo.maven.apache.org/maven2/io/netty/netty-parent/4.1.9.Final/netty-parent-4.1.9.Final.pom
2017-03-20 23:39:35,080 [Worker-10] INFO  o.e.m.c.i.e.AbstractTransferListenerAdapter - Downloaded http://repo.maven.apache.org/maven2/io/netty/netty-parent/4.1.9.Final/netty-parent-4.1.9.Final.pom
2017-03-20 23:39:36,573 [Worker-10] INFO  o.e.m.c.i.e.AbstractTransferListenerAdapter - Downloading http://repo.maven.apache.org/maven2/io/netty/netty-all/4.1.9.Final/netty-all-4.1.9.Final.jar
2017-03-20 23:58:48,728 [Worker-6] INFO  o.e.m.c.i.l.LifecycleMappingFactory - Using null lifecycle mapping for MavenProject: com.cenrise.exercisesuite:NettyStudy:0.0.1-SNAPSHOT @ D:\Workspaces\GithubSpacesJiadongpo\ExerciseSuite\NettyStudy\pom.xml.
2017-03-20 23:58:51,651 [Worker-6] WARN  o.e.m.c.i.embedder.EclipseLogger - The POM for junit:junit:jar:3.8.1 is invalid, transitive dependencies (if any) will not be available, enable debug logging for more details
2017-03-20 23:59:06,400 [Worker-6] INFO  o.e.m.c.i.e.AbstractTransferListenerAdapter - Downloading http://repo.maven.apache.org/maven2/io/netty/netty-all/4.1.9.Final/netty-all-4.1.9.Final.jar
2017-03-20 23:59:56,027 [Worker-6] INFO  o.e.m.c.i.e.AbstractTransferListenerAdapter - Downloaded http://repo.maven.apache.org/maven2/io/netty/netty-all/4.1.9.Final/netty-all-4.1.9.Final.jar
2017-03-20 23:59:58,046 [Worker-6] WARN  o.e.m.c.i.embedder.EclipseLogger - Failed to dispatch repository event to org.eclipse.m2e.core.internal.embedder.EclipseRepositoryListener: null
2017-03-20 23:59:59,021 [Worker-7] INFO  o.e.m.c.i.l.LifecycleMappingFactory - Using null lifecycle mapping for MavenProject: com.cenrise.exercisesuite:NettyStudy:0.0.1-SNAPSHOT @ D:\Workspaces\GithubSpacesJiadongpo\ExerciseSuite\NettyStudy\pom.xml.
2017-03-20 23:59:59,395 [Worker-7] WARN  o.e.m.c.i.embedder.EclipseLogger - The POM for junit:junit:jar:3.8.1 is invalid, transitive dependencies (if any) will not be available, enable debug logging for more details
2017-03-21 00:01:32,342 [Worker-7] WARN  o.e.m.c.i.embedder.EclipseLogger - The POM for junit:junit:jar:3.8.1 is invalid, transitive dependencies (if any) will not be available, enable debug logging for more details
2017-03-21 00:02:38,493 [Worker-15] INFO  o.e.m.c.i.l.LifecycleMappingFactory - Using null lifecycle mapping for MavenProject: com.cenrise.exercisesuite:NettyStudy:0.0.1-SNAPSHOT @ D:\Workspaces\GithubSpacesJiadongpo\ExerciseSuite\nettystudy\pom.xml.
2017-03-21 00:02:38,594 [Worker-15] WARN  o.e.m.c.i.embedder.EclipseLogger - The POM for junit:junit:jar:3.8.1 is invalid, transitive dependencies (if any) will not be available, enable debug logging for more details
2017-03-21 00:04:09,300 [Worker-19] WARN  o.e.m.c.i.embedder.EclipseLogger - The POM for junit:junit:jar:3.8.1 is invalid, transitive dependencies (if any) will not be available, enable debug logging for more details
2017-03-21 00:05:17,371 [Worker-4] INFO  o.e.m.c.i.p.ProjectConfigurationManager - Update started
2017-03-21 00:05:17,820 [Worker-4] INFO  o.e.m.c.i.l.LifecycleMappingFactory - Using null lifecycle mapping for MavenProject: com.cenrise.exercisesuite:NettyStudy:0.0.1-SNAPSHOT @ D:\Workspaces\GithubSpacesJiadongpo\ExerciseSuite\nettystudy\pom.xml.
2017-03-21 00:05:17,851 [Worker-4] WARN  o.e.m.c.i.embedder.EclipseLogger - The POM for junit:junit:jar:3.8.1 is invalid, transitive dependencies (if any) will not be available, enable debug logging for more details
2017-03-21 00:05:18,367 [Worker-4] INFO  o.e.m.c.i.p.ProjectConfigurationManager - Update completed: 0 sec
2017-03-21 00:09:15,315 [Worker-7] WARN  o.e.m.c.i.embedder.EclipseLogger - The POM for junit:junit:jar:3.8.1 is invalid, transitive dependencies (if any) will not be available, enable debug logging for more details
2017-03-21 00:11:19,733 [Worker-4] INFO  o.e.m.c.i.l.LifecycleMappingFactory - Using null lifecycle mapping for MavenProject: com.cenrise.exercisesuite:NettyStudy:0.0.1-SNAPSHOT @ D:\Workspaces\GithubSpacesJiadongpo\ExerciseSuite\nettystudy\pom.xml.
2017-03-21 00:11:20,407 [Worker-4] WARN  o.e.m.c.i.embedder.EclipseLogger - The POM for junit:junit:jar:3.8.1 is invalid, transitive dependencies (if any) will not be available, enable debug logging for more details
2017-03-21 00:11:27,970 [Worker-4] INFO  o.e.m.c.i.l.LifecycleMappingFactory - Using null lifecycle mapping for MavenProject: com.cenrise.exercisesuite:NettyStudy:0.0.1-SNAPSHOT @ D:\Workspaces\GithubSpacesJiadongpo\ExerciseSuite\nettystudy\pom.xml.
2017-03-21 00:11:27,978 [Worker-4] WARN  o.e.m.c.i.embedder.EclipseLogger - The POM for junit:junit:jar:3.8.1 is invalid, transitive dependencies (if any) will not be available, enable debug logging for more details
2017-03-21 00:11:31,160 [Worker-22] WARN  o.e.m.c.i.embedder.EclipseLogger - The POM for junit:junit:jar:3.8.1 is invalid, transitive dependencies (if any) will not be available, enable debug logging for more details
2017-03-21 00:11:45,741 [main] INFO  o.e.m.c.i.l.LifecycleMappingFactory - Using null lifecycle mapping for MavenProject: com.cenrise.exercisesuite:NettyStudy:0.0.1-SNAPSHOT @ D:\Workspaces\GithubSpacesJiadongpo\ExerciseSuite\nettystudy\pom.xml.
2017-03-21 00:12:10,669 [Worker-7] INFO  o.e.m.c.i.p.ProjectConfigurationManager - Update started
2017-03-21 00:12:10,721 [Worker-7] INFO  o.e.m.c.i.l.LifecycleMappingFactory - Using null lifecycle mapping for MavenProject: com.cenrise.exercisesuite:NettyStudy:0.0.1-SNAPSHOT @ D:\Workspaces\GithubSpacesJiadongpo\ExerciseSuite\nettystudy\pom.xml.
2017-03-21 00:12:11,297 [Worker-7] WARN  o.e.m.c.i.embedder.EclipseLogger - The POM for junit:junit:jar:3.8.1 is invalid, transitive dependencies (if any) will not be available, enable debug logging for more details
2017-03-21 00:12:13,043 [Worker-7] INFO  o.e.m.c.i.p.ProjectConfigurationManager - Update completed: 2 sec
2017-03-21 00:12:13,425 [Worker-6] WARN  o.e.m.c.i.embedder.EclipseLogger - The POM for junit:junit:jar:3.8.1 is invalid, transitive dependencies (if any) will not be available, enable debug logging for more details
2017-03-21 00:26:09,216 [Worker-12] INFO  o.e.m.c.i.p.ProjectConfigurationManager - Update started
2017-03-21 00:26:15,716 [Worker-12] INFO  o.e.m.c.i.l.LifecycleMappingFactory - Using null lifecycle mapping for MavenProject: com.cenrise.exercisesuite:NettyStudy:0.0.1-SNAPSHOT @ D:\Workspaces\GithubSpacesJiadongpo\ExerciseSuite\nettystudy\pom.xml.
2017-03-21 00:26:22,014 [Worker-12] WARN  o.e.m.c.i.embedder.EclipseLogger - The POM for junit:junit:jar:3.8.1 is invalid, transitive dependencies (if any) will not be available, enable debug logging for more details
2017-03-21 00:26:27,733 [Worker-12] INFO  o.e.m.c.i.p.ProjectConfigurationManager - Update completed: 18 sec
2017-03-21 00:26:28,446 [Worker-4] WARN  o.e.m.c.i.embedder.EclipseLogger - The POM for junit:junit:jar:3.8.1 is invalid, transitive dependencies (if any) will not be available, enable debug logging for more details
2017-03-21 00:27:59,345 [Worker-6] INFO  o.e.m.c.i.p.ProjectConfigurationManager - Update started
2017-03-21 00:27:59,367 [Worker-6] INFO  o.e.m.c.i.l.LifecycleMappingFactory - Using null lifecycle mapping for MavenProject: com.cenrise.exercisesuite:NettyStudy:0.0.1-SNAPSHOT @ D:\Workspaces\GithubSpacesJiadongpo\ExerciseSuite\nettystudy\pom.xml.
2017-03-21 00:27:59,373 [Worker-6] WARN  o.e.m.c.i.embedder.EclipseLogger - The POM for junit:junit:jar:3.8.1 is invalid, transitive dependencies (if any) will not be available, enable debug logging for more details
2017-03-21 00:27:59,646 [Worker-6] INFO  o.e.m.c.i.p.ProjectConfigurationManager - Update completed: 0 sec
2017-03-21 00:27:59,863 [Worker-23] WARN  o.e.m.c.i.embedder.EclipseLogger - The POM for junit:junit:jar:3.8.1 is invalid, transitive dependencies (if any) will not be available, enable debug logging for more details
2017-03-21 07:11:48,763 [Worker-5] INFO  o.e.m.c.i.l.LifecycleMappingFactory - Using null lifecycle mapping for MavenProject: com.cenrise.exercisesuite:NettyStudy:0.0.1-SNAPSHOT @ D:\Workspaces\GithubSpacesJiadongpo\ExerciseSuite\nettystudy\pom.xml.
2017-03-21 07:11:49,165 [Worker-5] WARN  o.e.m.c.i.embedder.EclipseLogger - The POM for junit:junit:jar:3.8.1 is invalid, transitive dependencies (if any) will not be available, enable debug logging for more details
2017-03-21 07:11:51,391 [Worker-3] INFO  o.e.m.c.i.l.LifecycleMappingFactory - Using null lifecycle mapping for MavenProject: com.cenrise.exercisesuite:NettyStudy:0.0.1-SNAPSHOT @ D:\Workspaces\GithubSpacesJiadongpo\ExerciseSuite\nettystudy\pom.xml.
2017-03-21 07:11:51,671 [Worker-3] WARN  o.e.m.c.i.embedder.EclipseLogger - The POM for junit:junit:jar:3.8.1 is invalid, transitive dependencies (if any) will not be available, enable debug logging for more details
2017-03-21 07:22:06,979 [Worker-1] WARN  o.e.m.c.i.embedder.EclipseLogger - The POM for junit:junit:jar:3.8.1 is invalid, transitive dependencies (if any) will not be available, enable debug logging for more details
2017-03-21 07:26:28,512 [Worker-3] INFO  o.e.m.c.i.l.LifecycleMappingFactory - Using null lifecycle mapping for MavenProject: com.cenrise.exercisesuite:NettyStudy:0.0.1-SNAPSHOT @ D:\Workspaces\GithubSpacesJiadongpo\ExerciseSuite\nettystudy\pom.xml.
2017-03-21 07:26:28,518 [Worker-3] WARN  o.e.m.c.i.embedder.EclipseLogger - The POM for junit:junit:jar:3.8.1 is invalid, transitive dependencies (if any) will not be available, enable debug logging for more details
2017-03-21 07:26:37,859 [Worker-6] WARN  o.e.m.c.i.embedder.EclipseLogger - The POM for junit:junit:jar:3.8.1 is invalid, transitive dependencies (if any) will not be available, enable debug logging for more details
2017-03-21 07:26:37,999 [Worker-9] INFO  o.e.m.c.i.l.LifecycleMappingFactory - Using null lifecycle mapping for MavenProject: com.cenrise.exercisesuite:NettyStudy:0.0.1-SNAPSHOT @ D:\Workspaces\GithubSpacesJiadongpo\ExerciseSuite\nettystudy\pom.xml.
2017-03-21 07:26:38,003 [Worker-9] WARN  o.e.m.c.i.embedder.EclipseLogger - The POM for junit:junit:jar:3.8.1 is invalid, transitive dependencies (if any) will not be available, enable debug logging for more details
2017-03-21 07:26:39,258 [Worker-6] INFO  o.e.m.c.i.e.AbstractTransferListenerAdapter - Downloading http://repo.maven.apache.org/maven2/io/netty/netty-all/5.0.0.Alpha2/netty-all-5.0.0.Alpha2.pom
2017-03-21 07:26:40,065 [Worker-6] INFO  o.e.m.c.i.e.AbstractTransferListenerAdapter - Downloaded http://repo.maven.apache.org/maven2/io/netty/netty-all/5.0.0.Alpha2/netty-all-5.0.0.Alpha2.pom
2017-03-21 07:26:40,447 [Worker-6] INFO  o.e.m.c.i.e.AbstractTransferListenerAdapter - Downloading http://repo.maven.apache.org/maven2/io/netty/netty-parent/5.0.0.Alpha2/netty-parent-5.0.0.Alpha2.pom
2017-03-21 07:26:41,688 [Worker-6] INFO  o.e.m.c.i.e.AbstractTransferListenerAdapter - Downloaded http://repo.maven.apache.org/maven2/io/netty/netty-parent/5.0.0.Alpha2/netty-parent-5.0.0.Alpha2.pom
2017-03-21 07:26:41,991 [Worker-6] INFO  o.e.m.c.i.e.AbstractTransferListenerAdapter - Downloading http://repo.maven.apache.org/maven2/io/netty/netty-all/5.0.0.Alpha2/netty-all-5.0.0.Alpha2.jar
2017-03-21 07:27:07,955 [Worker-6] INFO  o.e.m.c.i.e.AbstractTransferListenerAdapter - Downloaded http://repo.maven.apache.org/maven2/io/netty/netty-all/5.0.0.Alpha2/netty-all-5.0.0.Alpha2.jar
2017-03-21 07:27:08,178 [Worker-5] INFO  o.e.m.c.i.p.ProjectConfigurationManager - Update started
2017-03-21 07:27:08,194 [Worker-5] INFO  o.e.m.c.i.l.LifecycleMappingFactory - Using null lifecycle mapping for MavenProject: com.cenrise.exercisesuite:NettyStudy:0.0.1-SNAPSHOT @ D:\Workspaces\GithubSpacesJiadongpo\ExerciseSuite\nettystudy\pom.xml.
2017-03-21 07:27:08,200 [Worker-5] WARN  o.e.m.c.i.embedder.EclipseLogger - The POM for junit:junit:jar:3.8.1 is invalid, transitive dependencies (if any) will not be available, enable debug logging for more details
2017-03-21 07:27:08,307 [Worker-5] INFO  o.e.m.c.i.p.ProjectConfigurationManager - Update completed: 0 sec
2017-03-21 07:27:08,412 [Worker-9] WARN  o.e.m.c.i.embedder.EclipseLogger - The POM for junit:junit:jar:3.8.1 is invalid, transitive dependencies (if any) will not be available, enable debug logging for more details
2017-03-21 07:27:08,652 [Worker-3] INFO  o.e.m.c.i.l.LifecycleMappingFactory - Using null lifecycle mapping for MavenProject: com.cenrise.exercisesuite:NettyStudy:0.0.1-SNAPSHOT @ D:\Workspaces\GithubSpacesJiadongpo\ExerciseSuite\nettystudy\pom.xml.
2017-03-21 07:27:08,669 [Worker-3] WARN  o.e.m.c.i.embedder.EclipseLogger - The POM for junit:junit:jar:3.8.1 is invalid, transitive dependencies (if any) will not be available, enable debug logging for more details
2017-03-21 07:28:20,481 [Worker-0] WARN  o.e.m.c.i.embedder.EclipseLogger - The POM for junit:junit:jar:3.8.1 is invalid, transitive dependencies (if any) will not be available, enable debug logging for more details
2017-03-21 07:28:42,413 [main] INFO  o.e.m.c.i.l.LifecycleMappingFactory - Using null lifecycle mapping for MavenProject: com.cenrise.exercisesuite:NettyStudy:0.0.1-SNAPSHOT @ D:\Workspaces\GithubSpacesJiadongpo\ExerciseSuite\nettystudy\pom.xml.
2017-03-21 07:29:27,750 [Worker-1] INFO  o.e.m.c.i.l.LifecycleMappingFactory - Using null lifecycle mapping for MavenProject: com.cenrise.exercisesuite:NettyStudy:0.0.1-SNAPSHOT @ D:\Workspaces\GithubSpacesJiadongpo\ExerciseSuite\nettystudy\pom.xml.
2017-03-21 07:29:27,756 [Worker-1] WARN  o.e.m.c.i.embedder.EclipseLogger - The POM for junit:junit:jar:3.8.1 is invalid, transitive dependencies (if any) will not be available, enable debug logging for more details
2017-03-28 16:02:04,525 [Worker-3] ERROR o.e.m.c.i.p.r.ProjectRegistryReader - Can't read workspace state
java.io.InvalidClassException: org.eclipse.m2e.core.internal.project.registry.BasicProjectRegistry; local class incompatible: stream classdesc serialVersionUID = 5542512601401896748, local class serialVersionUID = 6232274446642339434
	at java.io.ObjectStreamClass.initNonProxy(ObjectStreamClass.java:621) ~[na:1.8.0_40]
	at java.io.ObjectInputStream.readNonProxyDesc(ObjectInputStream.java:1623) ~[na:1.8.0_40]
	at java.io.ObjectInputStream.readClassDesc(ObjectInputStream.java:1518) ~[na:1.8.0_40]
	at java.io.ObjectInputStream.readNonProxyDesc(ObjectInputStream.java:1623) ~[na:1.8.0_40]
	at java.io.ObjectInputStream.readClassDesc(ObjectInputStream.java:1518) ~[na:1.8.0_40]
	at java.io.ObjectInputStream.readOrdinaryObject(ObjectInputStream.java:1774) ~[na:1.8.0_40]
	at java.io.ObjectInputStream.readObject0(ObjectInputStream.java:1351) ~[na:1.8.0_40]
	at java.io.ObjectInputStream.readObject(ObjectInputStream.java:371) ~[na:1.8.0_40]
	at org.eclipse.m2e.core.internal.project.registry.ProjectRegistryReader.readWorkspaceState(ProjectRegistryReader.java:100) ~[org.eclipse.m2e.core_1.7.0.20160603-1933.jar:na]
	at org.eclipse.m2e.core.internal.project.registry.ProjectRegistryManager.<init>(ProjectRegistryManager.java:164) [org.eclipse.m2e.core_1.7.0.20160603-1933.jar:na]
	at org.eclipse.m2e.core.internal.MavenPluginActivator.start(MavenPluginActivator.java:211) [org.eclipse.m2e.core_1.7.0.20160603-1933.jar:na]
	at org.eclipse.osgi.internal.framework.BundleContextImpl$3.run(BundleContextImpl.java:774) [org.eclipse.osgi_3.11.3.v20170209-1843.jar:na]
	at org.eclipse.osgi.internal.framework.BundleContextImpl$3.run(BundleContextImpl.java:1) [org.eclipse.osgi_3.11.3.v20170209-1843.jar:na]
	at java.security.AccessController.doPrivileged(Native Method) [na:1.8.0_40]
	at org.eclipse.osgi.internal.framework.BundleContextImpl.startActivator(BundleContextImpl.java:767) [org.eclipse.osgi_3.11.3.v20170209-1843.jar:na]
	at org.eclipse.osgi.internal.framework.BundleContextImpl.start(BundleContextImpl.java:724) [org.eclipse.osgi_3.11.3.v20170209-1843.jar:na]
	at org.eclipse.osgi.internal.framework.EquinoxBundle.startWorker0(EquinoxBundle.java:932) [org.eclipse.osgi_3.11.3.v20170209-1843.jar:na]
	at org.eclipse.osgi.internal.framework.EquinoxBundle$EquinoxModule.startWorker(EquinoxBundle.java:309) [org.eclipse.osgi_3.11.3.v20170209-1843.jar:na]
	at org.eclipse.osgi.container.Module.doStart(Module.java:581) [org.eclipse.osgi_3.11.3.v20170209-1843.jar:na]
	at org.eclipse.osgi.container.Module.start(Module.java:449) [org.eclipse.osgi_3.11.3.v20170209-1843.jar:na]
	at org.eclipse.osgi.framework.util.SecureAction.start(SecureAction.java:470) [org.eclipse.osgi_3.11.3.v20170209-1843.jar:na]
	at org.eclipse.osgi.internal.hooks.EclipseLazyStarter.postFindLocalClass(EclipseLazyStarter.java:107) [org.eclipse.osgi_3.11.3.v20170209-1843.jar:na]
	at org.eclipse.osgi.internal.loader.classpath.ClasspathManager.findLocalClass(ClasspathManager.java:529) [org.eclipse.osgi_3.11.3.v20170209-1843.jar:na]
	at org.eclipse.osgi.internal.loader.ModuleClassLoader.findLocalClass(ModuleClassLoader.java:325) [org.eclipse.osgi_3.11.3.v20170209-1843.jar:na]
	at org.eclipse.osgi.internal.loader.BundleLoader.findLocalClass(BundleLoader.java:345) [org.eclipse.osgi_3.11.3.v20170209-1843.jar:na]
	at org.eclipse.osgi.internal.loader.BundleLoader.findClassInternal(BundleLoader.java:423) [org.eclipse.osgi_3.11.3.v20170209-1843.jar:na]
	at org.eclipse.osgi.internal.loader.BundleLoader.findClass(BundleLoader.java:372) [org.eclipse.osgi_3.11.3.v20170209-1843.jar:na]
	at org.eclipse.osgi.internal.loader.BundleLoader.findClass(BundleLoader.java:364) [org.eclipse.osgi_3.11.3.v20170209-1843.jar:na]
	at org.eclipse.osgi.internal.loader.ModuleClassLoader.loadClass(ModuleClassLoader.java:161) [org.eclipse.osgi_3.11.3.v20170209-1843.jar:na]
	at java.lang.ClassLoader.loadClass(ClassLoader.java:357) [na:1.8.0_40]
	at org.eclipse.osgi.internal.framework.EquinoxBundle.loadClass(EquinoxBundle.java:564) [org.eclipse.osgi_3.11.3.v20170209-1843.jar:na]
	at org.eclipse.core.internal.registry.osgi.RegistryStrategyOSGI.createExecutableExtension(RegistryStrategyOSGI.java:174) [org.eclipse.equinox.registry_3.6.100.v20160223-2218.jar:na]
	at org.eclipse.core.internal.registry.ExtensionRegistry.createExecutableExtension(ExtensionRegistry.java:905) [org.eclipse.equinox.registry_3.6.100.v20160223-2218.jar:na]
	at org.eclipse.core.internal.registry.ConfigurationElement.createExecutableExtension(ConfigurationElement.java:243) [org.eclipse.equinox.registry_3.6.100.v20160223-2218.jar:na]
	at org.eclipse.core.internal.registry.ConfigurationElementHandle.createExecutableExtension(ConfigurationElementHandle.java:55) [org.eclipse.equinox.registry_3.6.100.v20160223-2218.jar:na]
	at org.eclipse.core.internal.content.ContentType.getDescriber(ContentType.java:266) [org.eclipse.core.contenttype_3.5.100.v20160418-1621.jar:na]
	at org.eclipse.core.internal.content.ContentTypeCatalog.collectMatchingByContents(ContentTypeCatalog.java:195) [org.eclipse.core.contenttype_3.5.100.v20160418-1621.jar:na]
	at org.eclipse.core.internal.content.ContentTypeCatalog.internalFindContentTypesFor(ContentTypeCatalog.java:412) [org.eclipse.core.contenttype_3.5.100.v20160418-1621.jar:na]
	at org.eclipse.core.internal.content.ContentTypeCatalog.internalFindContentTypesFor(ContentTypeCatalog.java:461) [org.eclipse.core.contenttype_3.5.100.v20160418-1621.jar:na]
	at org.eclipse.core.internal.content.ContentTypeCatalog.getDescriptionFor(ContentTypeCatalog.java:357) [org.eclipse.core.contenttype_3.5.100.v20160418-1621.jar:na]
	at org.eclipse.core.internal.content.ContentTypeCatalog.getDescriptionFor(ContentTypeCatalog.java:371) [org.eclipse.core.contenttype_3.5.100.v20160418-1621.jar:na]
	at org.eclipse.core.internal.content.ContentTypeMatcher.getDescriptionFor(ContentTypeMatcher.java:76) [org.eclipse.core.contenttype_3.5.100.v20160418-1621.jar:na]
	at org.eclipse.core.internal.resources.ContentDescriptionManager.readDescription(ContentDescriptionManager.java:453) [org.eclipse.core.resources_3.11.1.v20161107-2032.jar:na]
	at org.eclipse.core.internal.resources.ContentDescriptionManager.getDescriptionFor(ContentDescriptionManager.java:363) [org.eclipse.core.resources_3.11.1.v20161107-2032.jar:na]
	at org.eclipse.core.internal.resources.File.getContentDescription(File.java:263) [org.eclipse.core.resources_3.11.1.v20161107-2032.jar:na]
	at org.eclipse.ui.internal.ide.model.WorkbenchResource.testContentTypeProperty(WorkbenchResource.java:148) [org.eclipse.ui.ide_3.12.3.v20170119-0935.jar:na]
	at org.eclipse.ui.internal.ide.model.WorkbenchResource.testAttribute(WorkbenchResource.java:115) [org.eclipse.ui.ide_3.12.3.v20170119-0935.jar:na]
	at org.eclipse.ui.internal.ActionExpression$ObjectStateExpression.preciselyMatches(ActionExpression.java:512) [org.eclipse.ui.workbench_3.108.3.v20170216-1539.jar:na]
	at org.eclipse.ui.internal.ActionExpression$ObjectStateExpression.isEnabledFor(ActionExpression.java:481) [org.eclipse.ui.workbench_3.108.3.v20170216-1539.jar:na]
	at org.eclipse.ui.internal.ActionExpression$AndExpression.isEnabledFor(ActionExpression.java:131) [org.eclipse.ui.workbench_3.108.3.v20170216-1539.jar:na]
	at org.eclipse.ui.internal.ActionExpression$SingleExpression.isEnabledFor(ActionExpression.java:716) [org.eclipse.ui.workbench_3.108.3.v20170216-1539.jar:na]
	at org.eclipse.ui.internal.ActionExpression.isEnabledFor(ActionExpression.java:1022) [org.eclipse.ui.workbench_3.108.3.v20170216-1539.jar:na]
	at org.eclipse.ui.internal.decorators.DecoratorDefinition.isEnabledFor(DecoratorDefinition.java:282) [org.eclipse.ui.workbench_3.108.3.v20170216-1539.jar:na]
	at org.eclipse.ui.internal.decorators.DecoratorManager.getDecoratorsFor(DecoratorManager.java:323) [org.eclipse.ui.workbench_3.108.3.v20170216-1539.jar:na]
	at org.eclipse.ui.internal.decorators.LightweightDecoratorManager.getDecoratorsFor(LightweightDecoratorManager.java:333) [org.eclipse.ui.workbench_3.108.3.v20170216-1539.jar:na]
	at org.eclipse.ui.internal.decorators.LightweightDecoratorManager.getDecorations(LightweightDecoratorManager.java:358) [org.eclipse.ui.workbench_3.108.3.v20170216-1539.jar:na]
	at org.eclipse.ui.internal.decorators.DecorationScheduler$1.ensureResultCached(DecorationScheduler.java:367) [org.eclipse.ui.workbench_3.108.3.v20170216-1539.jar:na]
	at org.eclipse.ui.internal.decorators.DecorationScheduler$1.run(DecorationScheduler.java:327) [org.eclipse.ui.workbench_3.108.3.v20170216-1539.jar:na]
	at org.eclipse.core.internal.jobs.Worker.run(Worker.java:55) [org.eclipse.core.jobs_3.8.0.v20160509-0411.jar:na]
2017-03-28 16:03:48,428 [Worker-15] INFO  o.e.m.c.i.l.LifecycleMappingFactory - Using org.eclipse.m2e.jdt.JarLifecycleMapping lifecycle mapping for MavenProject: com.cenrise:ActiveMQStudy:1.0-SNAPSHOT @ D:\Workspaces\GithubSpacesJiadongpo\ExerciseSuite\JMS_2ed_ActiveMQStudy\pom.xml.
2017-03-28 16:03:48,428 [Worker-16] INFO  o.e.m.c.i.l.LifecycleMappingFactory - Using org.eclipse.m2e.jdt.JarLifecycleMapping lifecycle mapping for MavenProject: com.cenrise.exercisesuite:NettyStudy:0.0.1-SNAPSHOT @ D:\Workspaces\GithubSpacesJiadongpo\ExerciseSuite\nettystudy\pom.xml.
2017-03-28 16:04:09,141 [Worker-14] INFO  o.e.m.c.i.l.LifecycleMappingFactory - Using org.eclipse.m2e.jdt.JarLifecycleMapping lifecycle mapping for MavenProject: com.cenrise.exercisesuite:NettyStudy:0.0.1-SNAPSHOT @ D:\Workspaces\GithubSpacesJiadongpo\ExerciseSuite\nettystudy\pom.xml.
2017-03-28 16:04:09,201 [Worker-15] WARN  o.e.m.c.i.embedder.EclipseLogger - Using platform encoding (GBK actually) to copy filtered resources, i.e. build is platform dependent!
2017-03-28 16:04:09,210 [Worker-15] INFO  o.e.m.c.i.embedder.EclipseLogger - Copying 0 resource
2017-03-28 16:04:09,214 [Worker-15] WARN  o.e.m.c.i.embedder.EclipseLogger - Using platform encoding (GBK actually) to copy filtered resources, i.e. build is platform dependent!
2017-03-28 16:04:09,215 [Worker-15] INFO  o.e.m.c.i.embedder.EclipseLogger - skip non existing resourceDirectory D:\Workspaces\GithubSpacesJiadongpo\ExerciseSuite\JMS_2ed_ActiveMQStudy\src\test\resources
2017-03-28 16:04:11,050 [Worker-15] WARN  o.e.m.c.i.embedder.EclipseLogger - Using platform encoding (GBK actually) to copy filtered resources, i.e. build is platform dependent!
2017-03-28 16:04:11,063 [Worker-15] INFO  o.e.m.c.i.embedder.EclipseLogger - Copying 0 resource
2017-03-28 16:04:11,065 [Worker-15] WARN  o.e.m.c.i.embedder.EclipseLogger - Using platform encoding (GBK actually) to copy filtered resources, i.e. build is platform dependent!
2017-03-28 16:04:11,066 [Worker-15] INFO  o.e.m.c.i.embedder.EclipseLogger - skip non existing resourceDirectory D:\Workspaces\GithubSpacesJiadongpo\ExerciseSuite\JMS_2ed_ActiveMQStudy\src\test\resources
2017-03-28 16:04:50,904 [Worker-0] INFO  o.e.m.c.i.embedder.EclipseLogger - Using 'UTF-8' encoding to copy filtered resources.
2017-03-28 16:04:50,964 [Worker-0] INFO  o.e.m.c.i.embedder.EclipseLogger - skip non existing resourceDirectory D:\Workspaces\GithubSpacesJiadongpo\ExerciseSuite\nettystudy\src\main\resources
2017-03-28 16:04:50,973 [Worker-0] INFO  o.e.m.c.i.embedder.EclipseLogger - Using 'UTF-8' encoding to copy filtered resources.
2017-03-28 16:04:50,974 [Worker-0] INFO  o.e.m.c.i.embedder.EclipseLogger - skip non existing resourceDirectory D:\Workspaces\GithubSpacesJiadongpo\ExerciseSuite\nettystudy\src\test\resources
2017-03-28 16:09:06,110 [Worker-5] INFO  o.e.m.c.i.l.LifecycleMappingFactory - Using org.eclipse.m2e.jdt.JarLifecycleMapping lifecycle mapping for MavenProject: com.cenrise:ActiveMQStudy:1.0-SNAPSHOT @ D:\Workspaces\GithubSpacesJiadongpo\ExerciseSuite\JMS_2ed_non_spring\pom.xml.
2017-03-28 16:09:28,174 [Worker-5] WARN  o.e.m.c.i.embedder.EclipseLogger - Using platform encoding (GBK actually) to copy filtered resources, i.e. build is platform dependent!
2017-03-28 16:09:28,176 [Worker-5] INFO  o.e.m.c.i.embedder.EclipseLogger - Copying 2 resources
2017-03-28 16:09:28,291 [Worker-5] WARN  o.e.m.c.i.embedder.EclipseLogger - Using platform encoding (GBK actually) to copy filtered resources, i.e. build is platform dependent!
2017-03-28 16:09:28,294 [Worker-5] INFO  o.e.m.c.i.embedder.EclipseLogger - skip non existing resourceDirectory D:\Workspaces\GithubSpacesJiadongpo\ExerciseSuite\JMS_2ed_non_spring\src\test\resources
2017-03-28 16:09:29,855 [Worker-21] WARN  o.e.m.c.i.embedder.EclipseLogger - Using platform encoding (GBK actually) to copy filtered resources, i.e. build is platform dependent!
2017-03-28 16:09:29,857 [Worker-21] INFO  o.e.m.c.i.embedder.EclipseLogger - Copying 2 resources
2017-03-28 16:09:29,861 [Worker-21] WARN  o.e.m.c.i.embedder.EclipseLogger - Using platform encoding (GBK actually) to copy filtered resources, i.e. build is platform dependent!
2017-03-28 16:09:29,862 [Worker-21] INFO  o.e.m.c.i.embedder.EclipseLogger - skip non existing resourceDirectory D:\Workspaces\GithubSpacesJiadongpo\ExerciseSuite\JMS_2ed_non_spring\src\test\resources
2017-03-28 16:09:45,607 [Worker-18] INFO  o.e.m.c.i.l.LifecycleMappingFactory - Using org.eclipse.m2e.jdt.JarLifecycleMapping lifecycle mapping for MavenProject: com.cenrise:ActiveMQStudy:1.0-SNAPSHOT @ D:\Workspaces\GithubSpacesJiadongpo\ExerciseSuite\JMS_2ed_spring_activemq\pom.xml.
2017-03-28 16:09:47,896 [Worker-18] WARN  o.e.m.c.i.embedder.EclipseLogger - Using platform encoding (GBK actually) to copy filtered resources, i.e. build is platform dependent!
2017-03-28 16:09:47,897 [Worker-18] INFO  o.e.m.c.i.embedder.EclipseLogger - Copying 5 resources
2017-03-28 16:09:48,170 [Worker-18] WARN  o.e.m.c.i.embedder.EclipseLogger - Using platform encoding (GBK actually) to copy filtered resources, i.e. build is platform dependent!
2017-03-28 16:09:48,172 [Worker-18] INFO  o.e.m.c.i.embedder.EclipseLogger - skip non existing resourceDirectory D:\Workspaces\GithubSpacesJiadongpo\ExerciseSuite\JMS_2ed_spring_activemq\src\test\resources
2017-03-28 16:09:50,149 [Worker-21] WARN  o.e.m.c.i.embedder.EclipseLogger - Using platform encoding (GBK actually) to copy filtered resources, i.e. build is platform dependent!
2017-03-28 16:09:50,152 [Worker-21] INFO  o.e.m.c.i.embedder.EclipseLogger - Copying 5 resources
2017-03-28 16:09:50,270 [Worker-21] WARN  o.e.m.c.i.embedder.EclipseLogger - Using platform encoding (GBK actually) to copy filtered resources, i.e. build is platform dependent!
2017-03-28 16:09:50,271 [Worker-21] INFO  o.e.m.c.i.embedder.EclipseLogger - skip non existing resourceDirectory D:\Workspaces\GithubSpacesJiadongpo\ExerciseSuite\JMS_2ed_spring_activemq\src\test\resources
2017-03-28 16:09:56,117 [Worker-19] INFO  o.e.m.c.i.l.LifecycleMappingFactory - Using org.eclipse.m2e.jdt.JarLifecycleMapping lifecycle mapping for MavenProject: com.cenrise:ActiveMQStudy:1.0-SNAPSHOT @ D:\Workspaces\GithubSpacesJiadongpo\ExerciseSuite\JMS_2ed_spring_wmq\pom.xml.
2017-03-28 16:09:56,842 [Worker-19] WARN  o.e.m.c.i.embedder.EclipseLogger - Using platform encoding (GBK actually) to copy filtered resources, i.e. build is platform dependent!
2017-03-28 16:09:56,844 [Worker-19] INFO  o.e.m.c.i.embedder.EclipseLogger - Copying 6 resources
2017-03-28 16:09:57,181 [Worker-19] WARN  o.e.m.c.i.embedder.EclipseLogger - Using platform encoding (GBK actually) to copy filtered resources, i.e. build is platform dependent!
2017-03-28 16:09:57,182 [Worker-19] INFO  o.e.m.c.i.embedder.EclipseLogger - skip non existing resourceDirectory D:\Workspaces\GithubSpacesJiadongpo\ExerciseSuite\JMS_2ed_spring_wmq\src\test\resources
2017-03-28 16:10:00,300 [Worker-5] WARN  o.e.m.c.i.embedder.EclipseLogger - Using platform encoding (GBK actually) to copy filtered resources, i.e. build is platform dependent!
2017-03-28 16:10:00,302 [Worker-5] INFO  o.e.m.c.i.embedder.EclipseLogger - Copying 6 resources
2017-03-28 16:10:00,309 [Worker-5] WARN  o.e.m.c.i.embedder.EclipseLogger - Using platform encoding (GBK actually) to copy filtered resources, i.e. build is platform dependent!
2017-03-28 16:10:00,310 [Worker-5] INFO  o.e.m.c.i.embedder.EclipseLogger - skip non existing resourceDirectory D:\Workspaces\GithubSpacesJiadongpo\ExerciseSuite\JMS_2ed_spring_wmq\src\test\resources
2017-03-29 19:17:25,123 [Worker-18] WARN  o.e.m.c.i.embedder.EclipseLogger - Using platform encoding (GBK actually) to copy filtered resources, i.e. build is platform dependent!
2017-03-29 19:17:25,162 [Worker-18] INFO  o.e.m.c.i.embedder.EclipseLogger - Copying 0 resource
2017-03-29 19:17:25,169 [Worker-18] WARN  o.e.m.c.i.embedder.EclipseLogger - Using platform encoding (GBK actually) to copy filtered resources, i.e. build is platform dependent!
2017-03-29 19:17:25,170 [Worker-18] INFO  o.e.m.c.i.embedder.EclipseLogger - skip non existing resourceDirectory D:\Workspaces\GithubSpacesJiadongpo\ExerciseSuite\JMS_2ed_ActiveMQStudy\src\test\resources
2017-03-29 19:18:31,266 [Worker-17] INFO  o.e.m.c.i.l.LifecycleMappingFactory - Using org.eclipse.m2e.jdt.JarLifecycleMapping lifecycle mapping for MavenProject: com.cenrise:JMS_2ed_non_spring:1.0-SNAPSHOT @ D:\Workspaces\GithubSpacesJiadongpo\ExerciseSuite\JMS_2ed_non_spring\pom.xml.
2017-03-29 19:18:37,335 [Worker-17] WARN  o.e.m.c.i.embedder.EclipseLogger - Using platform encoding (GBK actually) to copy filtered resources, i.e. build is platform dependent!
2017-03-29 19:18:37,341 [Worker-17] INFO  o.e.m.c.i.embedder.EclipseLogger - Copying 2 resources
2017-03-29 19:18:37,580 [Worker-17] WARN  o.e.m.c.i.embedder.EclipseLogger - Using platform encoding (GBK actually) to copy filtered resources, i.e. build is platform dependent!
2017-03-29 19:18:37,581 [Worker-17] INFO  o.e.m.c.i.embedder.EclipseLogger - skip non existing resourceDirectory D:\Workspaces\GithubSpacesJiadongpo\ExerciseSuite\JMS_2ed_non_spring\src\test\resources
2017-03-29 19:18:38,208 [Worker-17] INFO  o.e.m.c.i.l.LifecycleMappingFactory - Using org.eclipse.m2e.jdt.JarLifecycleMapping lifecycle mapping for MavenProject: com.cenrise:JMS_2ed_spring_activemq:1.0-SNAPSHOT @ D:\Workspaces\GithubSpacesJiadongpo\ExerciseSuite\JMS_2ed_spring_activemq\pom.xml.
2017-03-29 19:18:38,812 [Worker-17] WARN  o.e.m.c.i.embedder.EclipseLogger - Using platform encoding (GBK actually) to copy filtered resources, i.e. build is platform dependent!
2017-03-29 19:18:38,813 [Worker-17] INFO  o.e.m.c.i.embedder.EclipseLogger - Copying 5 resources
2017-03-29 19:18:38,961 [Worker-17] WARN  o.e.m.c.i.embedder.EclipseLogger - Using platform encoding (GBK actually) to copy filtered resources, i.e. build is platform dependent!
2017-03-29 19:18:38,962 [Worker-17] INFO  o.e.m.c.i.embedder.EclipseLogger - skip non existing resourceDirectory D:\Workspaces\GithubSpacesJiadongpo\ExerciseSuite\JMS_2ed_spring_activemq\src\test\resources
2017-03-29 19:18:40,758 [Worker-17] INFO  o.e.m.c.i.l.LifecycleMappingFactory - Using org.eclipse.m2e.jdt.JarLifecycleMapping lifecycle mapping for MavenProject: com.cenrise:JMS_2ed_spring_wmq:1.0-SNAPSHOT @ D:\Workspaces\GithubSpacesJiadongpo\ExerciseSuite\JMS_2ed_spring_wmq\pom.xml.
2017-03-29 19:18:43,934 [Worker-17] WARN  o.e.m.c.i.embedder.EclipseLogger - Using platform encoding (GBK actually) to copy filtered resources, i.e. build is platform dependent!
2017-03-29 19:18:43,936 [Worker-17] INFO  o.e.m.c.i.embedder.EclipseLogger - Copying 6 resources
2017-03-29 19:18:44,348 [Worker-17] WARN  o.e.m.c.i.embedder.EclipseLogger - Using platform encoding (GBK actually) to copy filtered resources, i.e. build is platform dependent!
2017-03-29 19:18:44,350 [Worker-17] INFO  o.e.m.c.i.embedder.EclipseLogger - skip non existing resourceDirectory D:\Workspaces\GithubSpacesJiadongpo\ExerciseSuite\JMS_2ed_spring_wmq\src\test\resources
2017-03-29 19:24:39,307 [Worker-21] INFO  o.e.m.c.i.embedder.EclipseLogger - Using 'UTF-8' encoding to copy filtered resources.
2017-03-29 19:24:39,309 [Worker-21] INFO  o.e.m.c.i.embedder.EclipseLogger - skip non existing resourceDirectory D:\Workspaces\GithubSpacesJiadongpo\ExerciseSuite\nettystudy\src\main\resources
2017-03-29 19:24:39,312 [Worker-21] INFO  o.e.m.c.i.embedder.EclipseLogger - Using 'UTF-8' encoding to copy filtered resources.
2017-03-29 19:24:39,312 [Worker-21] INFO  o.e.m.c.i.embedder.EclipseLogger - skip non existing resourceDirectory D:\Workspaces\GithubSpacesJiadongpo\ExerciseSuite\nettystudy\src\test\resources
2017-03-30 10:03:20,862 [Worker-0] INFO  c.g.t.t.d.PublishedGradleVersions - Gradle version information cache is not available. Remote download required.
